# JRE version: Java(TM) SE Runtime Environment (9.0+11) (build 9.0.4+11)
# Java VM: Java HotSpot(TM) 64-Bit Server VM (9.0.4+11, mixed mode, tiered, compressed oops, g1 gc, windows-amd64)
Heap:
 garbage-first heap   total 292864K, used 155098K [0x0000000700000000, 0x00000007001008f0, 0x00000007c0000000)
  region size 1024K, 45 young (46080K), 1 survivors (1024K)
 Metaspace       used 88971K, capacity 95658K, committed 95740K, reserved 1132544K
  class space    used 12109K, capacity 13255K, committed 13308K, reserved 1048576K
GC Heap History (10 events):
Event: 2568.067 GC heap before
{Heap before GC invocations=610 (full 223):
 garbage-first heap   total 292864K, used 117705K [0x0000000700000000, 0x00000007001008f0, 0x00000007c0000000)
  region size 1024K, 8 young (8192K), 1 survivors (1024K)
 Metaspace       used 88828K, capacity 95512K, committed 95740K, reserved 1132544K
  class space    used 12084K, capacity 13252K, committed 13308K, reserved 1048576K
}
Event: 2568.337 GC heap after
{Heap after GC invocations=611 (full 224):
 garbage-first heap   total 292864K, used 110623K [0x0000000700000000, 0x00000007001008f0, 0x00000007c0000000)
  region size 1024K, 0 young (0K), 0 survivors (0K)
 Metaspace       used 88828K, capacity 95512K, committed 95740K, reserved 1132544K
  class space    used 12084K, capacity 13252K, committed 13308K, reserved 1048576K
}
Event: 2571.872 GC heap before
{Heap before GC invocations=611 (full 224):
 garbage-first heap   total 292864K, used 172063K [0x0000000700000000, 0x00000007001008f0, 0x00000007c0000000)
  region size 1024K, 60 young (61440K), 0 survivors (0K)
 Metaspace       used 88834K, capacity 95512K, committed 95740K, reserved 1132544K
  class space    used 12084K, capacity 13252K, committed 13308K, reserved 1048576K
}
Event: 2571.879 GC heap after
{Heap after GC invocations=612 (full 224):
 garbage-first heap   total 292864K, used 111121K [0x0000000700000000, 0x00000007001008f0, 0x00000007c0000000)
  region size 1024K, 1 young (1024K), 1 survivors (1024K)
 Metaspace       used 88834K, capacity 95512K, committed 95740K, reserved 1132544K
  class space    used 12084K, capacity 13252K, committed 13308K, reserved 1048576K
}
Event: 2584.389 GC heap before
{Heap before GC invocations=612 (full 224):
 garbage-first heap   total 292864K, used 171537K [0x0000000700000000, 0x00000007001008f0, 0x00000007c0000000)
  region size 1024K, 60 young (61440K), 1 survivors (1024K)
 Metaspace       used 88834K, capacity 95512K, committed 95740K, reserved 1132544K
  class space    used 12084K, capacity 13252K, committed 13308K, reserved 1048576K
}
Event: 2584.404 GC heap after
{Heap after GC invocations=613 (full 224):
 garbage-first heap   total 292864K, used 111140K [0x0000000700000000, 0x00000007001008f0, 0x00000007c0000000)
  region size 1024K, 1 young (1024K), 1 survivors (1024K)
 Metaspace       used 88834K, capacity 95512K, committed 95740K, reserved 1132544K
  class space    used 12084K, capacity 13252K, committed 13308K, reserved 1048576K
}
Event: 2607.405 GC heap before
{Heap before GC invocations=613 (full 224):
 garbage-first heap   total 292864K, used 171556K [0x0000000700000000, 0x00000007001008f0, 0x00000007c0000000)
  region size 1024K, 60 young (61440K), 1 survivors (1024K)
 Metaspace       used 88834K, capacity 95512K, committed 95740K, reserved 1132544K
  class space    used 12084K, capacity 13252K, committed 13308K, reserved 1048576K
}
Event: 2607.416 GC heap after
{Heap after GC invocations=614 (full 224):
 garbage-first heap   total 292864K, used 110968K [0x0000000700000000, 0x00000007001008f0, 0x00000007c0000000)
  region size 1024K, 1 young (1024K), 1 survivors (1024K)
 Metaspace       used 88834K, capacity 95512K, committed 95740K, reserved 1132544K
  class space    used 12084K, capacity 13252K, committed 13308K, reserved 1048576K
}
Event: 2617.838 GC heap before
{Heap before GC invocations=614 (full 224):
 garbage-first heap   total 292864K, used 171384K [0x0000000700000000, 0x00000007001008f0, 0x00000007c0000000)
  region size 1024K, 60 young (61440K), 1 survivors (1024K)
 Metaspace       used 88923K, capacity 95582K, committed 95740K, reserved 1132544K
  class space    used 12098K, capacity 13253K, committed 13308K, reserved 1048576K
}
Event: 2617.849 GC heap after
{Heap after GC invocations=615 (full 224):
 garbage-first heap   total 292864K, used 111066K [0x0000000700000000, 0x00000007001008f0, 0x00000007c0000000)
  region size 1024K, 1 young (1024K), 1 survivors (1024K)
 Metaspace       used 88923K, capacity 95582K, committed 95740K, reserved 1132544K
  class space    used 12098K, capacity 13253K, committed 13308K, reserved 1048576K
}

